<?xml version="1.0" encoding="UTF-8"?>
<testsuite xmlns:xsi="http://www.w3.org/2001/XMLSchema-instance" xsi:noNamespaceSchemaLocation="https://maven.apache.org/surefire/maven-surefire-plugin/xsd/surefire-test-report.xsd" name="uk.gov.gchq.palisade.integrationtests.HadoopResourceServiceTest" time="12.972" tests="12" errors="0" skipped="0" failures="0">
  <properties>
[...]
</properties>
  <testcase name="shouldGetResourcesByIdOfAFolder" classname="uk.gov.gchq.palisade.integrationtests.HadoopResourceServiceTest" time="2.912"/>
  <testcase name="shouldJSONSerialiser" classname="uk.gov.gchq.palisade.integrationtests.HadoopResourceServiceTest" time="0.599"/>
  <testcase name="shouldGetResourcesByType" classname="uk.gov.gchq.palisade.integrationtests.HadoopResourceServiceTest" time="1.575"/>
  <testcase name="getResourcesByIdTest" classname="uk.gov.gchq.palisade.integrationtests.HadoopResourceServiceTest" time="0.765"/>
  <testcase name="shouldGetResourcesOutsideOfScope" classname="uk.gov.gchq.palisade.integrationtests.HadoopResourceServiceTest" time="0.188"/>
  <testcase name="shouldGetFormatConnectionWhenNoTypeConnection" classname="uk.gov.gchq.palisade.integrationtests.HadoopResourceServiceTest" time="0.841"/>
  <testcase name="shouldResolveParents" classname="uk.gov.gchq.palisade.integrationtests.HadoopResourceServiceTest" time="0.165"/>
  <testcase name="shouldFilterOutIllegalFileName" classname="uk.gov.gchq.palisade.integrationtests.HadoopResourceServiceTest" time="1.263"/>
  <testcase name="shouldGetResourcesByFormat" classname="uk.gov.gchq.palisade.integrationtests.HadoopResourceServiceTest" time="2.114"/>
  <testcase name="addResourceTest" classname="uk.gov.gchq.palisade.integrationtests.HadoopResourceServiceTest" time="0.22"/>
  <testcase name="shouldGetResourcesByResource" classname="uk.gov.gchq.palisade.integrationtests.HadoopResourceServiceTest" time="1.044"/>
  <testcase name="shouldErrorWithNoConnectionDetails" classname="uk.gov.gchq.palisade.integrationtests.HadoopResourceServiceTest" time="0.833"/>
</testsuite>